<html>
<head>
<title>TestNG:  Default test</title>
<link href="../testng.css" rel="stylesheet" type="text/css" />
<link href="../my-testng.css" rel="stylesheet" type="text/css" />

<style type="text/css">
.log { display: none;} 
.stack-trace { display: none;} 
</style>
<script type="text/javascript">
<!--
function flip(e) {
  current = e.style.display;
  if (current == 'block') {
    e.style.display = 'none';
    return 0;
  }
  else {
    e.style.display = 'block';
    return 1;
  }
}

function toggleBox(szDivId, elem, msg1, msg2)
{
  var res = -1;  if (document.getElementById) {
    res = flip(document.getElementById(szDivId));
  }
  else if (document.all) {
    // this is the way old msie versions work
    res = flip(document.all[szDivId]);
  }
  if(elem) {
    if(res == 0) elem.innerHTML = msg1; else elem.innerHTML = msg2;
  }

}

function toggleAllBoxes() {
  if (document.getElementsByTagName) {
    d = document.getElementsByTagName('div');
    for (i = 0; i < d.length; i++) {
      if (d[i].className == 'log') {
        flip(d[i]);
      }
    }
  }
}

// -->
</script>

</head>
<body>
<h2 align='center'>Default test</h2><table border='1' align="center">
<tr>
<td>Tests passed/Failed/Skipped:</td><td>19/1/0</td>
</tr><tr>
<td>Started on:</td><td>Mon Mar 13 10:30:55 IST 2017</td>
</tr>
<tr><td>Total time:</td><td>102 seconds (102001 ms)</td>
</tr><tr>
<td>Included groups:</td><td></td>
</tr><tr>
<td>Excluded groups:</td><td></td>
</tr>
</table><p/>
<small><i>(Hover the method name to see the test class name)</i></small><p/>
<table width='100%' border='1' class='invocation-failed'>
<tr><td colspan='4' align='center'><b>FAILED TESTS</b></td></tr>
<tr><td><b>Test method</b></td>
<td width="30%"><b>Exception</b></td>
<td width="10%"><b>Time (seconds)</b></td>
<td><b>Instance</b></td>
</tr>
<tr>
<td title='testCases.Validate_FinancialAssessmentFields.Test_IncomeSource()'><b>Test_IncomeSource</b><br>Test class: testCases.Validate_FinancialAssessmentFields</td>
<td><div><pre>org.openqa.selenium.TimeoutException: Expected condition failed: waiting for visibility of element located by By.xpath: .//*[@id=&apos;frm_assessment&apos;]/fieldset[1]/div[16]/div[2]/div (tried for 30 second(s) with 500 MILLISECONDS interval)
Build info: version: &apos;3.1.0&apos;, revision: &apos;b94c902&apos;, time: &apos;2017-02-16 12:21:31 -0800&apos;
System info: host: &apos;Bijans-MacBook-Pro.local&apos;, ip: &apos;192.168.1.6&apos;, os.name: &apos;Mac OS X&apos;, os.arch: &apos;x86_64&apos;, os.version: &apos;10.12.3&apos;, java.version: &apos;1.8.0_74&apos;
Driver info: org.openqa.selenium.chrome.ChromeDriver
Capabilities [{applicationCacheEnabled=false, rotatable=false, mobileEmulationEnabled=false, networkConnectionEnabled=false, chrome={chromedriverVersion=2.28.455517 (2c6d2707d8ea850c862f04ac066724273981e88f), userDataDir=/var/folders/jx/jyttrk393dz8l879jb62l00r0000gn/T/.org.chromium.Chromium.nSozu1}, takesHeapSnapshot=true, pageLoadStrategy=normal, databaseEnabled=false, handlesAlerts=true, hasTouchScreen=false, version=56.0.2924.87, platform=MAC, browserConnectionEnabled=false, nativeEvents=true, acceptSslCerts=true, locationContextEnabled=true, webStorageEnabled=true, browserName=chrome, takesScreenshot=true, javascriptEnabled=true, cssSelectorsEnabled=true, unexpectedAlertBehaviour=}]
Session ID: 1275efac59385f3d07c1f3c127093abd
	at org.openqa.selenium.support.ui.WebDriverWait.timeoutException(WebDriverWait.java:80)
	at org.openqa.selenium.support.ui.FluentWait.until(FluentWait.java:257)
	at pageObjects.FinancialAssessment_Page.error_IncomeSource(FinancialAssessment_Page.java:196)
	at testCases.Validate_FinancialAssessmentFields.Test_IncomeSource(Validate_FinancialAssessmentFields.java:201)
	at sun.reflect.NativeMethodAccessorImpl.invoke0(Native Method)
	at sun.reflect.NativeMethodAccessorImpl.invoke(NativeMethodAccessorImpl.java:62)
	at sun.reflect.DelegatingMethodAccessorImpl.invoke(DelegatingMethodAccessorImpl.java:43)
	at java.lang.reflect.Method.invoke(Method.java:498)
	at org.testng.internal.MethodInvocationHelper.invokeMethod(MethodInvocationHelper.java:104)
	at org.testng.internal.Invoker.invokeMethod(Invoker.java:645)
	at org.testng.internal.Invoker.invokeTestMethod(Invoker.java:851)
	at org.testng.internal.Invoker.invokeTestMethods(Invoker.java:1177)
	at org.testng.internal.TestMethodWorker.invokeTestMethods(TestMethodWorker.java:129)
	at org.testng.internal.TestMethodWorker.run(TestMethodWorker.java:112)
	at org.testng.TestRunner.privateRun(TestRunner.java:756)
	at org.testng.TestRunner.run(TestRunner.java:610)
	at org.testng.SuiteRunner.runTest(SuiteRunner.java:387)
	at org.testng.SuiteRunner.runSequentially(SuiteRunner.java:382)
	at org.testng.SuiteRunner.privateRun(SuiteRunner.java:340)
	at org.testng.SuiteRunner.run(SuiteRunner.java:289)
	at org.testng.SuiteRunnerWorker.runSuite(SuiteRunnerWorker.java:52)
	at org.testng.SuiteRunnerWorker.run(SuiteRunnerWorker.java:86)
	at org.testng.TestNG.runSuitesSequentially(TestNG.java:1293)
	at org.testng.TestNG.runSuitesLocally(TestNG.java:1218)
	at org.testng.TestNG.runSuites(TestNG.java:1133)
	at org.testng.TestNG.run(TestNG.java:1104)
	at org.testng.remote.AbstractRemoteTestNG.run(AbstractRemoteTestNG.java:132)
	at org.testng.remote.RemoteTestNG.initAndRun(RemoteTestNG.java:236)
	at org.testng.remote.RemoteTestNG.main(RemoteTestNG.java:81)
</pre></div><a href='#' onClick='toggleBox("stack-trace1315795813", this, "Click to show all stack frames", "Click to hide stack frames")'>Click to show all stack frames</a>
<div class='stack-trace' id='stack-trace1315795813'><pre>org.openqa.selenium.TimeoutException: Expected condition failed: waiting for visibility of element located by By.xpath: .//*[@id=&apos;frm_assessment&apos;]/fieldset[1]/div[16]/div[2]/div (tried for 30 second(s) with 500 MILLISECONDS interval)
Build info: version: &apos;3.1.0&apos;, revision: &apos;b94c902&apos;, time: &apos;2017-02-16 12:21:31 -0800&apos;
System info: host: &apos;Bijans-MacBook-Pro.local&apos;, ip: &apos;192.168.1.6&apos;, os.name: &apos;Mac OS X&apos;, os.arch: &apos;x86_64&apos;, os.version: &apos;10.12.3&apos;, java.version: &apos;1.8.0_74&apos;
Driver info: org.openqa.selenium.chrome.ChromeDriver
Capabilities [{applicationCacheEnabled=false, rotatable=false, mobileEmulationEnabled=false, networkConnectionEnabled=false, chrome={chromedriverVersion=2.28.455517 (2c6d2707d8ea850c862f04ac066724273981e88f), userDataDir=/var/folders/jx/jyttrk393dz8l879jb62l00r0000gn/T/.org.chromium.Chromium.nSozu1}, takesHeapSnapshot=true, pageLoadStrategy=normal, databaseEnabled=false, handlesAlerts=true, hasTouchScreen=false, version=56.0.2924.87, platform=MAC, browserConnectionEnabled=false, nativeEvents=true, acceptSslCerts=true, locationContextEnabled=true, webStorageEnabled=true, browserName=chrome, takesScreenshot=true, javascriptEnabled=true, cssSelectorsEnabled=true, unexpectedAlertBehaviour=}]
Session ID: 1275efac59385f3d07c1f3c127093abd
	at org.openqa.selenium.support.ui.WebDriverWait.timeoutException(WebDriverWait.java:80)
	at org.openqa.selenium.support.ui.FluentWait.until(FluentWait.java:257)
	at pageObjects.FinancialAssessment_Page.error_IncomeSource(FinancialAssessment_Page.java:196)
	at testCases.Validate_FinancialAssessmentFields.Test_IncomeSource(Validate_FinancialAssessmentFields.java:201)
	at sun.reflect.NativeMethodAccessorImpl.invoke0(Native Method)
	at sun.reflect.NativeMethodAccessorImpl.invoke(NativeMethodAccessorImpl.java:62)
	at sun.reflect.DelegatingMethodAccessorImpl.invoke(DelegatingMethodAccessorImpl.java:43)
	at java.lang.reflect.Method.invoke(Method.java:498)
	at org.testng.internal.MethodInvocationHelper.invokeMethod(MethodInvocationHelper.java:104)
	at org.testng.internal.Invoker.invokeMethod(Invoker.java:645)
	at org.testng.internal.Invoker.invokeTestMethod(Invoker.java:851)
	at org.testng.internal.Invoker.invokeTestMethods(Invoker.java:1177)
	at org.testng.internal.TestMethodWorker.invokeTestMethods(TestMethodWorker.java:129)
	at org.testng.internal.TestMethodWorker.run(TestMethodWorker.java:112)
	at org.testng.TestRunner.privateRun(TestRunner.java:756)
	at org.testng.TestRunner.run(TestRunner.java:610)
	at org.testng.SuiteRunner.runTest(SuiteRunner.java:387)
	at org.testng.SuiteRunner.runSequentially(SuiteRunner.java:382)
	at org.testng.SuiteRunner.privateRun(SuiteRunner.java:340)
	at org.testng.SuiteRunner.run(SuiteRunner.java:289)
	at org.testng.SuiteRunnerWorker.runSuite(SuiteRunnerWorker.java:52)
	at org.testng.SuiteRunnerWorker.run(SuiteRunnerWorker.java:86)
	at org.testng.TestNG.runSuitesSequentially(TestNG.java:1293)
	at org.testng.TestNG.runSuitesLocally(TestNG.java:1218)
	at org.testng.TestNG.runSuites(TestNG.java:1133)
	at org.testng.TestNG.run(TestNG.java:1104)
	at org.testng.remote.AbstractRemoteTestNG.run(AbstractRemoteTestNG.java:132)
	at org.testng.remote.RemoteTestNG.initAndRun(RemoteTestNG.java:236)
	at org.testng.remote.RemoteTestNG.main(RemoteTestNG.java:81)
</pre></div></td>
<td>36</td>
<td>testCases.Validate_FinancialAssessmentFields@5025a98f</td></tr>
</table><p>
<table width='100%' border='1' class='invocation-passed'>
<tr><td colspan='4' align='center'><b>PASSED TESTS</b></td></tr>
<tr><td><b>Test method</b></td>
<td width="30%"><b>Exception</b></td>
<td width="10%"><b>Time (seconds)</b></td>
<td><b>Instance</b></td>
</tr>
<tr>
<td title='testCases.Validate_FinancialAssessmentFields.Login()'><b>Login</b><br>Test class: testCases.Validate_FinancialAssessmentFields</td>
<td></td>
<td>18</td>
<td>testCases.Validate_FinancialAssessmentFields@5025a98f</td></tr>
<tr>
<td title='testCases.Validate_FinancialAssessmentFields.NavigateToFinancialAssessmentPage()'><b>NavigateToFinancialAssessmentPage</b><br>Test class: testCases.Validate_FinancialAssessmentFields</td>
<td></td>
<td>4</td>
<td>testCases.Validate_FinancialAssessmentFields@5025a98f</td></tr>
<tr>
<td title='testCases.Validate_FinancialAssessmentFields.Test_AnnualIncome()'><b>Test_AnnualIncome</b><br>Test class: testCases.Validate_FinancialAssessmentFields</td>
<td></td>
<td>2</td>
<td>testCases.Validate_FinancialAssessmentFields@5025a98f</td></tr>
<tr>
<td title='testCases.Validate_FinancialAssessmentFields.Test_CommoditiesTradingExperience()'><b>Test_CommoditiesTradingExperience</b><br>Test class: testCases.Validate_FinancialAssessmentFields</td>
<td></td>
<td>1</td>
<td>testCases.Validate_FinancialAssessmentFields@5025a98f</td></tr>
<tr>
<td title='testCases.Validate_FinancialAssessmentFields.Test_CommoditiesTradingFrequency()'><b>Test_CommoditiesTradingFrequency</b><br>Test class: testCases.Validate_FinancialAssessmentFields</td>
<td></td>
<td>1</td>
<td>testCases.Validate_FinancialAssessmentFields@5025a98f</td></tr>
<tr>
<td title='testCases.Validate_FinancialAssessmentFields.Test_Education()'><b>Test_Education</b><br>Test class: testCases.Validate_FinancialAssessmentFields</td>
<td></td>
<td>1</td>
<td>testCases.Validate_FinancialAssessmentFields@5025a98f</td></tr>
<tr>
<td title='testCases.Validate_FinancialAssessmentFields.Test_ForexTradingExperience()'><b>Test_ForexTradingExperience</b><br>Test class: testCases.Validate_FinancialAssessmentFields</td>
<td></td>
<td>3</td>
<td>testCases.Validate_FinancialAssessmentFields@5025a98f</td></tr>
<tr>
<td title='testCases.Validate_FinancialAssessmentFields.Test_ForexTradingFrequency()'><b>Test_ForexTradingFrequency</b><br>Test class: testCases.Validate_FinancialAssessmentFields</td>
<td></td>
<td>1</td>
<td>testCases.Validate_FinancialAssessmentFields@5025a98f</td></tr>
<tr>
<td title='testCases.Validate_FinancialAssessmentFields.Test_IndicesTradingExperience()'><b>Test_IndicesTradingExperience</b><br>Test class: testCases.Validate_FinancialAssessmentFields</td>
<td></td>
<td>1</td>
<td>testCases.Validate_FinancialAssessmentFields@5025a98f</td></tr>
<tr>
<td title='testCases.Validate_FinancialAssessmentFields.Test_IndicesTradingFrequency()'><b>Test_IndicesTradingFrequency</b><br>Test class: testCases.Validate_FinancialAssessmentFields</td>
<td></td>
<td>1</td>
<td>testCases.Validate_FinancialAssessmentFields@5025a98f</td></tr>
<tr>
<td title='testCases.Validate_FinancialAssessmentFields.Test_IndustryEmployment()'><b>Test_IndustryEmployment</b><br>Test class: testCases.Validate_FinancialAssessmentFields</td>
<td></td>
<td>1</td>
<td>testCases.Validate_FinancialAssessmentFields@5025a98f</td></tr>
<tr>
<td title='testCases.Validate_FinancialAssessmentFields.Test_NetWorth()'><b>Test_NetWorth</b><br>Test class: testCases.Validate_FinancialAssessmentFields</td>
<td></td>
<td>1</td>
<td>testCases.Validate_FinancialAssessmentFields@5025a98f</td></tr>
<tr>
<td title='testCases.Validate_FinancialAssessmentFields.Test_Occupation()'><b>Test_Occupation</b><br>Test class: testCases.Validate_FinancialAssessmentFields</td>
<td></td>
<td>1</td>
<td>testCases.Validate_FinancialAssessmentFields@5025a98f</td></tr>
<tr>
<td title='testCases.Validate_FinancialAssessmentFields.Test_OtherDerivatiesTradingExperience()'><b>Test_OtherDerivatiesTradingExperience</b><br>Test class: testCases.Validate_FinancialAssessmentFields</td>
<td></td>
<td>1</td>
<td>testCases.Validate_FinancialAssessmentFields@5025a98f</td></tr>
<tr>
<td title='testCases.Validate_FinancialAssessmentFields.Test_OtherDerivatiesTradingFrequency()'><b>Test_OtherDerivatiesTradingFrequency</b><br>Test class: testCases.Validate_FinancialAssessmentFields</td>
<td></td>
<td>1</td>
<td>testCases.Validate_FinancialAssessmentFields@5025a98f</td></tr>
<tr>
<td title='testCases.Validate_FinancialAssessmentFields.Test_OtherTradingExperience()'><b>Test_OtherTradingExperience</b><br>Test class: testCases.Validate_FinancialAssessmentFields</td>
<td></td>
<td>1</td>
<td>testCases.Validate_FinancialAssessmentFields@5025a98f</td></tr>
<tr>
<td title='testCases.Validate_FinancialAssessmentFields.Test_OtherTradingFrequency()'><b>Test_OtherTradingFrequency</b><br>Test class: testCases.Validate_FinancialAssessmentFields</td>
<td></td>
<td>1</td>
<td>testCases.Validate_FinancialAssessmentFields@5025a98f</td></tr>
<tr>
<td title='testCases.Validate_FinancialAssessmentFields.Test_StocksTradingExperience()'><b>Test_StocksTradingExperience</b><br>Test class: testCases.Validate_FinancialAssessmentFields</td>
<td></td>
<td>1</td>
<td>testCases.Validate_FinancialAssessmentFields@5025a98f</td></tr>
<tr>
<td title='testCases.Validate_FinancialAssessmentFields.Test_StocksTradingFrequency()'><b>Test_StocksTradingFrequency</b><br>Test class: testCases.Validate_FinancialAssessmentFields</td>
<td></td>
<td>1</td>
<td>testCases.Validate_FinancialAssessmentFields@5025a98f</td></tr>
</table><p>
</body>
</html>