<?xml version="1.0" encoding="UTF-8"?>
<!-- Generated by org.testng.reporters.JUnitXMLReporter -->
<testsuite hostname="Bijans-MacBook-Pro.local" ignored="0" name="Validate_SetFinancialAssessment" tests="3" failures="1" timestamp="09 Mar 2017 17:47:15 GMT" time="87.83" errors="0">
  <testcase name="A_Login" time="14.566" classname="testCases.Validate_SetFinancialAssessment"/>
  <testcase name="B_NavigateToFinancialAssessmentPage" time="3.65" classname="testCases.Validate_SetFinancialAssessment"/>
  <testcase name="C_Set_FinancialAssessment" time="63.664" classname="testCases.Validate_SetFinancialAssessment">
    <failure type="org.openqa.selenium.TimeoutException" message="Expected condition failed: waiting for element to be clickable: By.id: submit (tried for 30 second(s) with 500 MILLISECONDS interval)">
      <![CDATA[org.openqa.selenium.TimeoutException: Expected condition failed: waiting for element to be clickable: By.id: submit (tried for 30 second(s) with 500 MILLISECONDS interval)
	at org.openqa.selenium.support.ui.WebDriverWait.timeoutException(WebDriverWait.java:80)
	at org.openqa.selenium.support.ui.FluentWait.until(FluentWait.java:257)
	at pageObjects.FinancialAssessment_Page.btn_Update(FinancialAssessment_Page.java:105)
	at appModules.SetFinancialAssessment_Action.Execute(SetFinancialAssessment_Action.java:51)
	at testCases.Validate_SetFinancialAssessment.C_Set_FinancialAssessment(Validate_SetFinancialAssessment.java:38)
Caused by: org.openqa.selenium.NoSuchElementException: Cannot locate an element using By.id: submit
For documentation on this error, please visit: http://seleniumhq.org/exceptions/no_such_element.html
Build info: version: '3.1.0', revision: 'b94c902', time: '2017-02-16 12:21:31 -0800'
System info: host: 'Bijans-MacBook-Pro.local', ip: '192.168.1.6', os.name: 'Mac OS X', os.arch: 'x86_64', os.version: '10.12.3', java.version: '1.8.0_74'
Driver info: driver.version: unknown
	at org.openqa.selenium.support.ui.ExpectedConditions.lambda$findElement$0(ExpectedConditions.java:896)
	at java.util.Optional.orElseThrow(Optional.java:290)
	at org.openqa.selenium.support.ui.ExpectedConditions.findElement(ExpectedConditions.java:895)
	at org.openqa.selenium.support.ui.ExpectedConditions.access$000(ExpectedConditions.java:41)
	at org.openqa.selenium.support.ui.ExpectedConditions$7.apply(ExpectedConditions.java:205)
	at org.openqa.selenium.support.ui.ExpectedConditions$7.apply(ExpectedConditions.java:201)
	at org.openqa.selenium.support.ui.ExpectedConditions$22.apply(ExpectedConditions.java:651)
	at org.openqa.selenium.support.ui.ExpectedConditions$22.apply(ExpectedConditions.java:644)
	at org.openqa.selenium.support.ui.FluentWait.until(FluentWait.java:234)
	... 28 more
... Removed 25 stack frames]]>
    </failure>
  </testcase> <!-- C_Set_FinancialAssessment -->
</testsuite> <!-- Validate_SetFinancialAssessment -->
